{"/Users/dan/Documents/Coding/futureproof/projects/1st-portfolio-project/client/assets/helpers.js": {"path":"/Users/dan/Documents/Coding/futureproof/projects/1st-portfolio-project/client/assets/helpers.js","statementMap":{"0":{"start":{"line":2,"column":2},"end":{"line":2,"column":15}},"1":{"start":{"line":6,"column":2},"end":{"line":6,"column":15}},"2":{"start":{"line":9,"column":0},"end":{"line":9,"column":35}}},"fnMap":{"0":{"name":"test","decl":{"start":{"line":1,"column":9},"end":{"line":1,"column":13}},"loc":{"start":{"line":1,"column":16},"end":{"line":3,"column":1}},"line":1},"1":{"name":"testTwo","decl":{"start":{"line":5,"column":9},"end":{"line":5,"column":16}},"loc":{"start":{"line":5,"column":19},"end":{"line":7,"column":1}},"line":5}},"branchMap":{},"s":{"0":1,"1":1,"2":1},"f":{"0":1,"1":1},"b":{},"_coverageSchema":"1a1c01bbd47fc00a2c39e90264f33305004495a9","hash":"c29e2f782e48714863d0b03f638fd6f3a29381eb"}
,"/Users/dan/Documents/Coding/futureproof/projects/1st-portfolio-project/server/app.js": {"path":"/Users/dan/Documents/Coding/futureproof/projects/1st-portfolio-project/server/app.js","statementMap":{"0":{"start":{"line":1,"column":16},"end":{"line":1,"column":34}},"1":{"start":{"line":2,"column":13},"end":{"line":2,"column":28}},"2":{"start":{"line":3,"column":12},"end":{"line":3,"column":21}},"3":{"start":{"line":4,"column":13},"end":{"line":4,"column":31}},"4":{"start":{"line":5,"column":13},"end":{"line":5,"column":36}},"5":{"start":{"line":8,"column":0},"end":{"line":8,"column":16}},"6":{"start":{"line":9,"column":0},"end":{"line":9,"column":24}},"7":{"start":{"line":14,"column":0},"end":{"line":16,"column":3}},"8":{"start":{"line":15,"column":4},"end":{"line":15,"column":23}},"9":{"start":{"line":18,"column":0},"end":{"line":30,"column":3}},"10":{"start":{"line":19,"column":4},"end":{"line":29,"column":5}},"11":{"start":{"line":20,"column":19},"end":{"line":20,"column":42}},"12":{"start":{"line":21,"column":8},"end":{"line":23,"column":9}},"13":{"start":{"line":22,"column":12},"end":{"line":22,"column":45}},"14":{"start":{"line":24,"column":21},"end":{"line":24,"column":37}},"15":{"start":{"line":25,"column":8},"end":{"line":25,"column":32}},"16":{"start":{"line":27,"column":8},"end":{"line":27,"column":29}},"17":{"start":{"line":28,"column":8},"end":{"line":28,"column":31}},"18":{"start":{"line":37,"column":0},"end":{"line":44,"column":3}},"19":{"start":{"line":38,"column":4},"end":{"line":38,"column":33}},"20":{"start":{"line":41,"column":28},"end":{"line":41,"column":50}},"21":{"start":{"line":43,"column":4},"end":{"line":43,"column":30}},"22":{"start":{"line":47,"column":0},"end":{"line":55,"column":3}},"23":{"start":{"line":48,"column":4},"end":{"line":48,"column":24}},"24":{"start":{"line":49,"column":19},"end":{"line":49,"column":42}},"25":{"start":{"line":50,"column":24},"end":{"line":50,"column":40}},"26":{"start":{"line":51,"column":8},"end":{"line":51,"column":36}},"27":{"start":{"line":52,"column":28},"end":{"line":52,"column":44}},"28":{"start":{"line":54,"column":8},"end":{"line":54,"column":30}},"29":{"start":{"line":61,"column":0},"end":{"line":66,"column":2}},"30":{"start":{"line":62,"column":15},"end":{"line":62,"column":38}},"31":{"start":{"line":63,"column":27},"end":{"line":63,"column":42}},"32":{"start":{"line":64,"column":4},"end":{"line":64,"column":44}},"33":{"start":{"line":65,"column":4},"end":{"line":65,"column":14}},"34":{"start":{"line":71,"column":0},"end":{"line":71,"column":21}}},"fnMap":{"0":{"name":"(anonymous_0)","decl":{"start":{"line":14,"column":18},"end":{"line":14,"column":19}},"loc":{"start":{"line":14,"column":32},"end":{"line":16,"column":1}},"line":14},"1":{"name":"(anonymous_1)","decl":{"start":{"line":18,"column":31},"end":{"line":18,"column":32}},"loc":{"start":{"line":18,"column":45},"end":{"line":30,"column":1}},"line":18},"2":{"name":"(anonymous_2)","decl":{"start":{"line":37,"column":23},"end":{"line":37,"column":24}},"loc":{"start":{"line":37,"column":37},"end":{"line":44,"column":1}},"line":37},"3":{"name":"(anonymous_3)","decl":{"start":{"line":47,"column":35},"end":{"line":47,"column":36}},"loc":{"start":{"line":47,"column":49},"end":{"line":55,"column":1}},"line":47},"4":{"name":"(anonymous_4)","decl":{"start":{"line":61,"column":39},"end":{"line":61,"column":40}},"loc":{"start":{"line":61,"column":53},"end":{"line":66,"column":1}},"line":61}},"branchMap":{"0":{"loc":{"start":{"line":21,"column":8},"end":{"line":23,"column":9}},"type":"if","locations":[{"start":{"line":21,"column":8},"end":{"line":23,"column":9}},{"start":{"line":21,"column":8},"end":{"line":23,"column":9}}],"line":21},"1":{"loc":{"start":{"line":21,"column":12},"end":{"line":21,"column":39}},"type":"binary-expr","locations":[{"start":{"line":21,"column":12},"end":{"line":21,"column":32}},{"start":{"line":21,"column":36},"end":{"line":21,"column":39}}],"line":21}},"s":{"0":1,"1":1,"2":1,"3":1,"4":1,"5":1,"6":1,"7":1,"8":2,"9":1,"10":3,"11":3,"12":3,"13":1,"14":2,"15":2,"16":1,"17":1,"18":1,"19":0,"20":0,"21":0,"22":1,"23":0,"24":0,"25":0,"26":0,"27":0,"28":0,"29":1,"30":0,"31":0,"32":0,"33":0,"34":1},"f":{"0":2,"1":3,"2":0,"3":0,"4":0},"b":{"0":[1,2],"1":[3,3]},"_coverageSchema":"1a1c01bbd47fc00a2c39e90264f33305004495a9","hash":"62bfb50e0caa857dd1422a6cdd99d01e349cac73"}
,"/Users/dan/Documents/Coding/futureproof/projects/1st-portfolio-project/server/model.js": {"path":"/Users/dan/Documents/Coding/futureproof/projects/1st-portfolio-project/server/model.js","statementMap":{"0":{"start":{"line":1,"column":17},"end":{"line":1,"column":40}},"1":{"start":{"line":5,"column":4},"end":{"line":5,"column":22}},"2":{"start":{"line":6,"column":4},"end":{"line":6,"column":32}},"3":{"start":{"line":7,"column":4},"end":{"line":7,"column":55}},"4":{"start":{"line":8,"column":4},"end":{"line":8,"column":34}},"5":{"start":{"line":11,"column":4},"end":{"line":11,"column":19}},"6":{"start":{"line":14,"column":15},"end":{"line":14,"column":34}},"7":{"start":{"line":15,"column":20},"end":{"line":15,"column":47}},"8":{"start":{"line":16,"column":4},"end":{"line":16,"column":27}},"9":{"start":{"line":17,"column":4},"end":{"line":17,"column":19}},"10":{"start":{"line":20,"column":18},"end":{"line":20,"column":26}},"11":{"start":{"line":21,"column":4},"end":{"line":25,"column":5}},"12":{"start":{"line":21,"column":17},"end":{"line":21,"column":18}},"13":{"start":{"line":22,"column":6},"end":{"line":24,"column":7}},"14":{"start":{"line":23,"column":8},"end":{"line":23,"column":23}},"15":{"start":{"line":28,"column":23},"end":{"line":28,"column":39}},"16":{"start":{"line":29,"column":4},"end":{"line":29,"column":37}},"17":{"start":{"line":32,"column":23},"end":{"line":32,"column":39}},"18":{"start":{"line":33,"column":4},"end":{"line":33,"column":36}},"19":{"start":{"line":34,"column":4},"end":{"line":34,"column":43}},"20":{"start":{"line":35,"column":4},"end":{"line":35,"column":21}},"21":{"start":{"line":40,"column":0},"end":{"line":40,"column":22}}},"fnMap":{"0":{"name":"(anonymous_0)","decl":{"start":{"line":4,"column":2},"end":{"line":4,"column":3}},"loc":{"start":{"line":4,"column":20},"end":{"line":9,"column":3}},"line":4},"1":{"name":"(anonymous_1)","decl":{"start":{"line":10,"column":2},"end":{"line":10,"column":3}},"loc":{"start":{"line":10,"column":19},"end":{"line":12,"column":3}},"line":10},"2":{"name":"(anonymous_2)","decl":{"start":{"line":13,"column":2},"end":{"line":13,"column":3}},"loc":{"start":{"line":13,"column":23},"end":{"line":18,"column":3}},"line":13},"3":{"name":"(anonymous_3)","decl":{"start":{"line":19,"column":2},"end":{"line":19,"column":3}},"loc":{"start":{"line":19,"column":21},"end":{"line":26,"column":3}},"line":19},"4":{"name":"(anonymous_4)","decl":{"start":{"line":27,"column":2},"end":{"line":27,"column":3}},"loc":{"start":{"line":27,"column":33},"end":{"line":30,"column":3}},"line":27},"5":{"name":"(anonymous_5)","decl":{"start":{"line":31,"column":2},"end":{"line":31,"column":3}},"loc":{"start":{"line":31,"column":45},"end":{"line":36,"column":3}},"line":31}},"branchMap":{"0":{"loc":{"start":{"line":22,"column":6},"end":{"line":24,"column":7}},"type":"if","locations":[{"start":{"line":22,"column":6},"end":{"line":24,"column":7}},{"start":{"line":22,"column":6},"end":{"line":24,"column":7}}],"line":22}},"s":{"0":1,"1":0,"2":0,"3":0,"4":0,"5":7,"6":0,"7":0,"8":0,"9":0,"10":2,"11":2,"12":2,"13":2,"14":2,"15":0,"16":0,"17":0,"18":0,"19":0,"20":0,"21":1},"f":{"0":0,"1":7,"2":0,"3":2,"4":0,"5":0},"b":{"0":[2,0]},"_coverageSchema":"1a1c01bbd47fc00a2c39e90264f33305004495a9","hash":"695e42ec833f746908263ad1d2cc87ab98aca2d3"}
}
