{"/Users/dan/Documents/Coding/futureproof/projects/1st-portfolio-project/client/assets/helpers.js": {"path":"/Users/dan/Documents/Coding/futureproof/projects/1st-portfolio-project/client/assets/helpers.js","statementMap":{"0":{"start":{"line":1,"column":18},"end":{"line":1,"column":42}},"1":{"start":{"line":4,"column":21},"end":{"line":4,"column":57}},"2":{"start":{"line":5,"column":4},"end":{"line":5,"column":24}},"3":{"start":{"line":6,"column":4},"end":{"line":8,"column":7}},"4":{"start":{"line":7,"column":8},"end":{"line":7,"column":24}},"5":{"start":{"line":12,"column":4},"end":{"line":12,"column":25}},"6":{"start":{"line":13,"column":6},"end":{"line":89,"column":5}},"7":{"start":{"line":13,"column":19},"end":{"line":13,"column":34}},"8":{"start":{"line":15,"column":25},"end":{"line":15,"column":58}},"9":{"start":{"line":17,"column":20},"end":{"line":17,"column":49}},"10":{"start":{"line":18,"column":6},"end":{"line":18,"column":33}},"11":{"start":{"line":19,"column":6},"end":{"line":19,"column":41}},"12":{"start":{"line":21,"column":6},"end":{"line":21,"column":30}},"13":{"start":{"line":23,"column":24},"end":{"line":23,"column":53}},"14":{"start":{"line":24,"column":6},"end":{"line":24,"column":43}},"15":{"start":{"line":25,"column":23},"end":{"line":25,"column":52}},"16":{"start":{"line":26,"column":6},"end":{"line":26,"column":32}},"17":{"start":{"line":27,"column":21},"end":{"line":27,"column":53}},"18":{"start":{"line":28,"column":6},"end":{"line":28,"column":42}},"19":{"start":{"line":32,"column":27},"end":{"line":32,"column":57}},"20":{"start":{"line":34,"column":6},"end":{"line":52,"column":9}},"21":{"start":{"line":36,"column":28},"end":{"line":36,"column":57}},"22":{"start":{"line":37,"column":8},"end":{"line":37,"column":45}},"23":{"start":{"line":38,"column":8},"end":{"line":38,"column":42}},"24":{"start":{"line":40,"column":27},"end":{"line":40,"column":56}},"25":{"start":{"line":41,"column":8},"end":{"line":41,"column":47}},"26":{"start":{"line":43,"column":30},"end":{"line":43,"column":57}},"27":{"start":{"line":44,"column":8},"end":{"line":44,"column":46}},"28":{"start":{"line":45,"column":8},"end":{"line":45,"column":65}},"29":{"start":{"line":47,"column":8},"end":{"line":47,"column":40}},"30":{"start":{"line":48,"column":8},"end":{"line":48,"column":38}},"31":{"start":{"line":49,"column":8},"end":{"line":49,"column":37}},"32":{"start":{"line":55,"column":6},"end":{"line":55,"column":33}},"33":{"start":{"line":56,"column":6},"end":{"line":56,"column":31}},"34":{"start":{"line":57,"column":6},"end":{"line":57,"column":35}},"35":{"start":{"line":59,"column":23},"end":{"line":59,"column":52}},"36":{"start":{"line":60,"column":6},"end":{"line":60,"column":41}},"37":{"start":{"line":62,"column":23},"end":{"line":62,"column":51}},"38":{"start":{"line":63,"column":6},"end":{"line":63,"column":40}},"39":{"start":{"line":65,"column":28},"end":{"line":65,"column":60}},"40":{"start":{"line":66,"column":6},"end":{"line":66,"column":41}},"41":{"start":{"line":67,"column":6},"end":{"line":67,"column":38}},"42":{"start":{"line":69,"column":6},"end":{"line":69,"column":32}},"43":{"start":{"line":70,"column":6},"end":{"line":70,"column":36}},"44":{"start":{"line":72,"column":6},"end":{"line":78,"column":7}},"45":{"start":{"line":73,"column":8},"end":{"line":77,"column":13}},"46":{"start":{"line":74,"column":35},"end":{"line":74,"column":62}},"47":{"start":{"line":75,"column":12},"end":{"line":75,"column":49}},"48":{"start":{"line":76,"column":12},"end":{"line":76,"column":44}},"49":{"start":{"line":82,"column":6},"end":{"line":82,"column":34}},"50":{"start":{"line":85,"column":6},"end":{"line":85,"column":33}},"51":{"start":{"line":87,"column":6},"end":{"line":87,"column":55}},"52":{"start":{"line":96,"column":0},"end":{"line":96,"column":52}}},"fnMap":{"0":{"name":"removePreviousPosts","decl":{"start":{"line":3,"column":9},"end":{"line":3,"column":28}},"loc":{"start":{"line":3,"column":31},"end":{"line":9,"column":1}},"line":3},"1":{"name":"(anonymous_1)","decl":{"start":{"line":6,"column":21},"end":{"line":6,"column":22}},"loc":{"start":{"line":6,"column":32},"end":{"line":8,"column":5}},"line":6},"2":{"name":"createPosts","decl":{"start":{"line":11,"column":9},"end":{"line":11,"column":20}},"loc":{"start":{"line":11,"column":27},"end":{"line":94,"column":3}},"line":11},"3":{"name":"(anonymous_3)","decl":{"start":{"line":34,"column":27},"end":{"line":34,"column":28}},"loc":{"start":{"line":34,"column":40},"end":{"line":52,"column":7}},"line":34},"4":{"name":"(anonymous_4)","decl":{"start":{"line":73,"column":33},"end":{"line":73,"column":34}},"loc":{"start":{"line":73,"column":44},"end":{"line":77,"column":11}},"line":73}},"branchMap":{"0":{"loc":{"start":{"line":72,"column":6},"end":{"line":78,"column":7}},"type":"if","locations":[{"start":{"line":72,"column":6},"end":{"line":78,"column":7}},{"start":{"line":72,"column":6},"end":{"line":78,"column":7}}],"line":72}},"s":{"0":2,"1":6,"2":6,"3":6,"4":8,"5":4,"6":4,"7":4,"8":4,"9":4,"10":4,"11":4,"12":4,"13":4,"14":4,"15":4,"16":4,"17":4,"18":4,"19":4,"20":4,"21":12,"22":12,"23":12,"24":12,"25":12,"26":12,"27":12,"28":12,"29":12,"30":12,"31":12,"32":4,"33":4,"34":4,"35":4,"36":4,"37":4,"38":4,"39":4,"40":4,"41":4,"42":4,"43":4,"44":4,"45":4,"46":8,"47":8,"48":8,"49":4,"50":4,"51":4,"52":2},"f":{"0":6,"1":8,"2":4,"3":12,"4":8},"b":{"0":[4,0]},"_coverageSchema":"1a1c01bbd47fc00a2c39e90264f33305004495a9","hash":"fee3b6187d5ab74eee9811480c69386bb085538c"}
,"/Users/dan/Documents/Coding/futureproof/projects/1st-portfolio-project/server/app.js": {"path":"/Users/dan/Documents/Coding/futureproof/projects/1st-portfolio-project/server/app.js","statementMap":{"0":{"start":{"line":1,"column":16},"end":{"line":1,"column":34}},"1":{"start":{"line":2,"column":13},"end":{"line":2,"column":28}},"2":{"start":{"line":3,"column":12},"end":{"line":3,"column":21}},"3":{"start":{"line":4,"column":13},"end":{"line":4,"column":31}},"4":{"start":{"line":5,"column":13},"end":{"line":5,"column":36}},"5":{"start":{"line":8,"column":0},"end":{"line":8,"column":16}},"6":{"start":{"line":9,"column":0},"end":{"line":9,"column":24}},"7":{"start":{"line":12,"column":0},"end":{"line":14,"column":3}},"8":{"start":{"line":13,"column":2},"end":{"line":13,"column":21}},"9":{"start":{"line":16,"column":0},"end":{"line":28,"column":3}},"10":{"start":{"line":17,"column":2},"end":{"line":27,"column":3}},"11":{"start":{"line":18,"column":15},"end":{"line":18,"column":38}},"12":{"start":{"line":19,"column":4},"end":{"line":21,"column":5}},"13":{"start":{"line":20,"column":6},"end":{"line":20,"column":40}},"14":{"start":{"line":22,"column":17},"end":{"line":22,"column":33}},"15":{"start":{"line":23,"column":4},"end":{"line":23,"column":28}},"16":{"start":{"line":25,"column":4},"end":{"line":25,"column":25}},"17":{"start":{"line":26,"column":4},"end":{"line":26,"column":28}},"18":{"start":{"line":32,"column":0},"end":{"line":37,"column":3}},"19":{"start":{"line":34,"column":2},"end":{"line":34,"column":25}},"20":{"start":{"line":35,"column":2},"end":{"line":35,"column":23}},"21":{"start":{"line":36,"column":2},"end":{"line":36,"column":21}},"22":{"start":{"line":39,"column":0},"end":{"line":54,"column":3}},"23":{"start":{"line":40,"column":2},"end":{"line":53,"column":3}},"24":{"start":{"line":41,"column":15},"end":{"line":41,"column":38}},"25":{"start":{"line":42,"column":20},"end":{"line":42,"column":36}},"26":{"start":{"line":43,"column":4},"end":{"line":45,"column":5}},"27":{"start":{"line":44,"column":6},"end":{"line":44,"column":40}},"28":{"start":{"line":46,"column":4},"end":{"line":46,"column":33}},"29":{"start":{"line":47,"column":24},"end":{"line":47,"column":40}},"30":{"start":{"line":48,"column":4},"end":{"line":48,"column":25}},"31":{"start":{"line":49,"column":4},"end":{"line":49,"column":26}},"32":{"start":{"line":51,"column":4},"end":{"line":51,"column":25}},"33":{"start":{"line":52,"column":4},"end":{"line":52,"column":28}},"34":{"start":{"line":58,"column":0},"end":{"line":63,"column":3}},"35":{"start":{"line":59,"column":13},"end":{"line":59,"column":36}},"36":{"start":{"line":60,"column":25},"end":{"line":60,"column":40}},"37":{"start":{"line":61,"column":2},"end":{"line":61,"column":43}},"38":{"start":{"line":62,"column":2},"end":{"line":62,"column":22}},"39":{"start":{"line":65,"column":0},"end":{"line":65,"column":21}}},"fnMap":{"0":{"name":"(anonymous_0)","decl":{"start":{"line":12,"column":18},"end":{"line":12,"column":19}},"loc":{"start":{"line":12,"column":32},"end":{"line":14,"column":1}},"line":12},"1":{"name":"(anonymous_1)","decl":{"start":{"line":16,"column":31},"end":{"line":16,"column":32}},"loc":{"start":{"line":16,"column":45},"end":{"line":28,"column":1}},"line":16},"2":{"name":"(anonymous_2)","decl":{"start":{"line":32,"column":23},"end":{"line":32,"column":24}},"loc":{"start":{"line":32,"column":37},"end":{"line":37,"column":1}},"line":32},"3":{"name":"(anonymous_3)","decl":{"start":{"line":39,"column":36},"end":{"line":39,"column":37}},"loc":{"start":{"line":39,"column":50},"end":{"line":54,"column":1}},"line":39},"4":{"name":"(anonymous_4)","decl":{"start":{"line":58,"column":39},"end":{"line":58,"column":40}},"loc":{"start":{"line":58,"column":53},"end":{"line":63,"column":1}},"line":58}},"branchMap":{"0":{"loc":{"start":{"line":19,"column":4},"end":{"line":21,"column":5}},"type":"if","locations":[{"start":{"line":19,"column":4},"end":{"line":21,"column":5}},{"start":{"line":19,"column":4},"end":{"line":21,"column":5}}],"line":19},"1":{"loc":{"start":{"line":19,"column":8},"end":{"line":19,"column":35}},"type":"binary-expr","locations":[{"start":{"line":19,"column":8},"end":{"line":19,"column":28}},{"start":{"line":19,"column":32},"end":{"line":19,"column":35}}],"line":19},"2":{"loc":{"start":{"line":43,"column":4},"end":{"line":45,"column":5}},"type":"if","locations":[{"start":{"line":43,"column":4},"end":{"line":45,"column":5}},{"start":{"line":43,"column":4},"end":{"line":45,"column":5}}],"line":43},"3":{"loc":{"start":{"line":43,"column":8},"end":{"line":43,"column":35}},"type":"binary-expr","locations":[{"start":{"line":43,"column":8},"end":{"line":43,"column":28}},{"start":{"line":43,"column":32},"end":{"line":43,"column":35}}],"line":43}},"s":{"0":1,"1":1,"2":1,"3":1,"4":1,"5":1,"6":1,"7":1,"8":2,"9":1,"10":3,"11":3,"12":3,"13":1,"14":2,"15":2,"16":1,"17":1,"18":1,"19":1,"20":1,"21":1,"22":1,"23":1,"24":1,"25":1,"26":1,"27":0,"28":1,"29":1,"30":1,"31":1,"32":0,"33":0,"34":1,"35":1,"36":1,"37":1,"38":1,"39":1},"f":{"0":2,"1":3,"2":1,"3":1,"4":1},"b":{"0":[1,2],"1":[3,3],"2":[0,1],"3":[1,1]},"_coverageSchema":"1a1c01bbd47fc00a2c39e90264f33305004495a9","hash":"ad4bc1b919df49e896176bfe63699c3294df7f32"}
,"/Users/dan/Documents/Coding/futureproof/projects/1st-portfolio-project/server/model.js": {"path":"/Users/dan/Documents/Coding/futureproof/projects/1st-portfolio-project/server/model.js","statementMap":{"0":{"start":{"line":1,"column":17},"end":{"line":1,"column":40}},"1":{"start":{"line":5,"column":4},"end":{"line":5,"column":22}},"2":{"start":{"line":6,"column":4},"end":{"line":6,"column":32}},"3":{"start":{"line":7,"column":4},"end":{"line":7,"column":55}},"4":{"start":{"line":8,"column":4},"end":{"line":8,"column":34}},"5":{"start":{"line":11,"column":4},"end":{"line":11,"column":19}},"6":{"start":{"line":14,"column":15},"end":{"line":14,"column":34}},"7":{"start":{"line":15,"column":20},"end":{"line":15,"column":47}},"8":{"start":{"line":16,"column":4},"end":{"line":16,"column":27}},"9":{"start":{"line":17,"column":4},"end":{"line":17,"column":19}},"10":{"start":{"line":20,"column":18},"end":{"line":20,"column":26}},"11":{"start":{"line":21,"column":4},"end":{"line":25,"column":5}},"12":{"start":{"line":21,"column":17},"end":{"line":21,"column":18}},"13":{"start":{"line":22,"column":6},"end":{"line":24,"column":7}},"14":{"start":{"line":23,"column":8},"end":{"line":23,"column":23}},"15":{"start":{"line":28,"column":23},"end":{"line":28,"column":39}},"16":{"start":{"line":29,"column":4},"end":{"line":29,"column":37}},"17":{"start":{"line":32,"column":23},"end":{"line":32,"column":39}},"18":{"start":{"line":33,"column":4},"end":{"line":33,"column":36}},"19":{"start":{"line":34,"column":4},"end":{"line":34,"column":43}},"20":{"start":{"line":35,"column":4},"end":{"line":35,"column":21}},"21":{"start":{"line":40,"column":0},"end":{"line":40,"column":22}}},"fnMap":{"0":{"name":"(anonymous_0)","decl":{"start":{"line":4,"column":2},"end":{"line":4,"column":3}},"loc":{"start":{"line":4,"column":20},"end":{"line":9,"column":3}},"line":4},"1":{"name":"(anonymous_1)","decl":{"start":{"line":10,"column":2},"end":{"line":10,"column":3}},"loc":{"start":{"line":10,"column":19},"end":{"line":12,"column":3}},"line":10},"2":{"name":"(anonymous_2)","decl":{"start":{"line":13,"column":2},"end":{"line":13,"column":3}},"loc":{"start":{"line":13,"column":23},"end":{"line":18,"column":3}},"line":13},"3":{"name":"(anonymous_3)","decl":{"start":{"line":19,"column":2},"end":{"line":19,"column":3}},"loc":{"start":{"line":19,"column":21},"end":{"line":26,"column":3}},"line":19},"4":{"name":"(anonymous_4)","decl":{"start":{"line":27,"column":2},"end":{"line":27,"column":3}},"loc":{"start":{"line":27,"column":33},"end":{"line":30,"column":3}},"line":27},"5":{"name":"(anonymous_5)","decl":{"start":{"line":31,"column":2},"end":{"line":31,"column":3}},"loc":{"start":{"line":31,"column":45},"end":{"line":36,"column":3}},"line":31}},"branchMap":{"0":{"loc":{"start":{"line":22,"column":6},"end":{"line":24,"column":7}},"type":"if","locations":[{"start":{"line":22,"column":6},"end":{"line":24,"column":7}},{"start":{"line":22,"column":6},"end":{"line":24,"column":7}}],"line":22}},"s":{"0":1,"1":1,"2":1,"3":1,"4":1,"5":13,"6":1,"7":1,"8":1,"9":1,"10":5,"11":5,"12":5,"13":5,"14":5,"15":1,"16":1,"17":1,"18":1,"19":1,"20":1,"21":1},"f":{"0":1,"1":13,"2":1,"3":5,"4":1,"5":1},"b":{"0":[5,0]},"_coverageSchema":"1a1c01bbd47fc00a2c39e90264f33305004495a9","hash":"695e42ec833f746908263ad1d2cc87ab98aca2d3"}
}
