TN:
SF:client/assets/helpers.js
FN:3,removePreviousPosts
FN:6,(anonymous_1)
FN:11,createPosts
FN:34,(anonymous_3)
FN:72,(anonymous_4)
FNF:5
FNH:5
FNDA:4,removePreviousPosts
FNDA:6,(anonymous_1)
FNDA:3,createPosts
FNDA:9,(anonymous_3)
FNDA:6,(anonymous_4)
DA:1,2
DA:4,4
DA:5,4
DA:6,4
DA:7,6
DA:12,3
DA:13,3
DA:15,3
DA:17,3
DA:18,3
DA:19,3
DA:21,3
DA:23,3
DA:24,3
DA:25,3
DA:26,3
DA:27,3
DA:28,3
DA:32,3
DA:34,3
DA:36,9
DA:37,9
DA:38,9
DA:40,9
DA:41,9
DA:43,9
DA:44,9
DA:45,9
DA:47,9
DA:48,9
DA:49,9
DA:54,3
DA:55,3
DA:56,3
DA:58,3
DA:59,3
DA:61,3
DA:62,3
DA:64,3
DA:65,3
DA:66,3
DA:68,3
DA:69,3
DA:71,3
DA:72,3
DA:73,6
DA:74,6
DA:75,6
DA:79,3
DA:82,3
DA:84,3
DA:93,2
LF:52
LH:52
BRDA:71,0,0,3
BRDA:71,0,1,0
BRF:2
BRH:1
end_of_record
TN:
SF:server/app.js
FN:12,(anonymous_0)
FN:16,(anonymous_1)
FN:32,(anonymous_2)
FN:39,(anonymous_3)
FN:58,(anonymous_4)
FNF:5
FNH:5
FNDA:2,(anonymous_0)
FNDA:3,(anonymous_1)
FNDA:1,(anonymous_2)
FNDA:1,(anonymous_3)
FNDA:1,(anonymous_4)
DA:1,1
DA:2,1
DA:3,1
DA:4,1
DA:5,1
DA:8,1
DA:9,1
DA:12,1
DA:13,2
DA:16,1
DA:17,3
DA:18,3
DA:19,3
DA:20,1
DA:22,2
DA:23,2
DA:25,1
DA:26,1
DA:32,1
DA:34,1
DA:35,1
DA:36,1
DA:39,1
DA:40,1
DA:41,1
DA:42,1
DA:43,1
DA:44,0
DA:46,1
DA:47,1
DA:48,1
DA:49,1
DA:51,0
DA:52,0
DA:58,1
DA:59,1
DA:60,1
DA:61,1
DA:62,1
DA:65,1
LF:40
LH:37
BRDA:19,0,0,1
BRDA:19,0,1,2
BRDA:19,1,0,3
BRDA:19,1,1,3
BRDA:43,2,0,0
BRDA:43,2,1,1
BRDA:43,3,0,1
BRDA:43,3,1,1
BRF:8
BRH:7
end_of_record
TN:
SF:server/model.js
FN:4,(anonymous_0)
FN:10,(anonymous_1)
FN:13,(anonymous_2)
FN:19,(anonymous_3)
FN:27,(anonymous_4)
FN:31,(anonymous_5)
FNF:6
FNH:6
FNDA:1,(anonymous_0)
FNDA:13,(anonymous_1)
FNDA:1,(anonymous_2)
FNDA:5,(anonymous_3)
FNDA:1,(anonymous_4)
FNDA:1,(anonymous_5)
DA:1,1
DA:5,1
DA:6,1
DA:7,1
DA:8,1
DA:11,13
DA:14,1
DA:15,1
DA:16,1
DA:17,1
DA:20,5
DA:21,5
DA:22,5
DA:23,5
DA:28,1
DA:29,1
DA:32,1
DA:33,1
DA:34,1
DA:39,1
LF:20
LH:20
BRDA:22,0,0,5
BRDA:22,0,1,0
BRF:2
BRH:1
end_of_record
