TN:
SF:client/assets/helpers.js
FN:3,removePreviousPosts
FN:6,(anonymous_1)
FN:11,createPosts
FN:34,(anonymous_3)
FN:51,(anonymous_4)
FN:79,(anonymous_5)
FN:81,(anonymous_6)
FN:104,(anonymous_7)
FN:115,(anonymous_8)
FNF:9
FNH:5
FNDA:6,removePreviousPosts
FNDA:8,(anonymous_1)
FNDA:4,createPosts
FNDA:12,(anonymous_3)
FNDA:0,(anonymous_4)
FNDA:0,(anonymous_5)
FNDA:0,(anonymous_6)
FNDA:8,(anonymous_7)
FNDA:0,(anonymous_8)
DA:1,2
DA:4,6
DA:5,6
DA:6,6
DA:7,8
DA:12,4
DA:13,4
DA:15,4
DA:17,4
DA:18,4
DA:19,4
DA:21,4
DA:23,4
DA:24,4
DA:25,4
DA:26,4
DA:27,4
DA:28,4
DA:32,4
DA:34,4
DA:36,12
DA:37,12
DA:38,12
DA:40,12
DA:41,12
DA:43,12
DA:44,12
DA:45,12
DA:47,12
DA:48,12
DA:49,12
DA:51,12
DA:53,0
DA:54,0
DA:55,0
DA:56,0
DA:58,0
DA:59,0
DA:62,0
DA:63,0
DA:65,0
DA:68,0
DA:70,0
DA:78,0
DA:79,0
DA:81,0
DA:86,4
DA:87,4
DA:88,4
DA:90,4
DA:91,4
DA:93,4
DA:94,4
DA:96,4
DA:97,4
DA:98,4
DA:100,4
DA:101,4
DA:103,4
DA:104,4
DA:105,8
DA:106,8
DA:107,8
DA:113,4
DA:115,4
DA:116,0
DA:117,0
DA:118,0
DA:119,0
DA:121,0
DA:125,4
DA:127,4
DA:136,2
LF:73
LH:54
BRDA:58,0,0,0
BRDA:58,0,1,0
BRDA:103,1,0,4
BRDA:103,1,1,0
BRDA:118,2,0,0
BRDA:118,2,1,0
BRF:6
BRH:1
end_of_record
TN:
SF:server/app.js
FN:12,(anonymous_0)
FN:16,(anonymous_1)
FN:32,(anonymous_2)
FN:39,(anonymous_3)
FN:58,(anonymous_4)
FNF:5
FNH:5
FNDA:2,(anonymous_0)
FNDA:3,(anonymous_1)
FNDA:1,(anonymous_2)
FNDA:1,(anonymous_3)
FNDA:1,(anonymous_4)
DA:1,1
DA:2,1
DA:3,1
DA:4,1
DA:5,1
DA:8,1
DA:9,1
DA:12,1
DA:13,2
DA:16,1
DA:17,3
DA:18,3
DA:19,3
DA:20,1
DA:22,2
DA:23,2
DA:25,1
DA:26,1
DA:32,1
DA:34,1
DA:35,1
DA:36,1
DA:39,1
DA:40,1
DA:41,1
DA:42,1
DA:43,1
DA:44,0
DA:46,1
DA:47,1
DA:48,1
DA:49,1
DA:51,0
DA:52,0
DA:58,1
DA:59,1
DA:60,1
DA:61,1
DA:62,1
DA:65,1
LF:40
LH:37
BRDA:19,0,0,1
BRDA:19,0,1,2
BRDA:19,1,0,3
BRDA:19,1,1,3
BRDA:43,2,0,0
BRDA:43,2,1,1
BRDA:43,3,0,1
BRDA:43,3,1,1
BRF:8
BRH:7
end_of_record
TN:
SF:server/model.js
FN:4,(anonymous_0)
FN:10,(anonymous_1)
FN:13,(anonymous_2)
FN:19,(anonymous_3)
FN:27,(anonymous_4)
FN:31,(anonymous_5)
FNF:6
FNH:6
FNDA:1,(anonymous_0)
FNDA:13,(anonymous_1)
FNDA:1,(anonymous_2)
FNDA:5,(anonymous_3)
FNDA:1,(anonymous_4)
FNDA:1,(anonymous_5)
DA:1,1
DA:5,1
DA:6,1
DA:7,1
DA:8,1
DA:11,13
DA:14,1
DA:15,1
DA:16,1
DA:17,1
DA:20,5
DA:21,5
DA:22,5
DA:23,5
DA:28,1
DA:29,1
DA:32,1
DA:33,1
DA:34,1
DA:35,1
DA:40,1
LF:21
LH:21
BRDA:22,0,0,5
BRDA:22,0,1,0
BRF:2
BRH:1
end_of_record
